24-11-2021 20:04:12.918 [] INFO  o.s.b.SpringApplicationBannerPrinter.print - 
  .   ____          _            __ _ _
 /\\ / ___'_ __ _ _(_)_ __  __ _ \ \ \ \
( ( )\___ | '_ | '_| | '_ \/ _` | \ \ \ \
 \\/  ___)| |_)| | | | | || (_| |  ) ) ) )
  '  |____| .__|_| |_|_| |_\__, | / / / /
 =========|_|==============|___/=/_/_/_/
[32m :: Spring Boot :: [39m              [2m (v2.5.5)[0;39m


24-11-2021 20:05:04.909 [] INFO  o.s.b.SpringApplicationBannerPrinter.print - 
  .   ____          _            __ _ _
 /\\ / ___'_ __ _ _(_)_ __  __ _ \ \ \ \
( ( )\___ | '_ | '_| | '_ \/ _` | \ \ \ \
 \\/  ___)| |_)| | | | | || (_| |  ) ) ) )
  '  |____| .__|_| |_|_| |_\__, | / / / /
 =========|_|==============|___/=/_/_/_/
[32m :: Spring Boot :: [39m              [2m (v2.5.5)[0;39m


24-11-2021 20:05:31.981 [anonymousUser] INFO  c.a.c.l.RequestResponseLoggingFilter.doFilter - [POST] request for URL: [/signup]
24-11-2021 20:05:32.367 [anonymousUser] INFO  c.a.c.l.RequestResponseLoggingFilter.doFilter - Response ==> [application/json]
24-11-2021 20:06:51.665 [] INFO  o.s.b.SpringApplicationBannerPrinter.print - 
  .   ____          _            __ _ _
 /\\ / ___'_ __ _ _(_)_ __  __ _ \ \ \ \
( ( )\___ | '_ | '_| | '_ \/ _` | \ \ \ \
 \\/  ___)| |_)| | | | | || (_| |  ) ) ) )
  '  |____| .__|_| |_|_| |_\__, | / / / /
 =========|_|==============|___/=/_/_/_/
[32m :: Spring Boot :: [39m              [2m (v2.5.5)[0;39m


24-11-2021 20:07:15.868 [anonymousUser] INFO  c.a.c.l.RequestResponseLoggingFilter.doFilter - [POST] request for URL: [/signup]
24-11-2021 20:07:16.230 [anonymousUser] INFO  c.a.c.l.RequestResponseLoggingFilter.doFilter - Response ==> [application/json]
24-11-2021 20:08:33.692 [] INFO  o.s.b.SpringApplicationBannerPrinter.print - 
  .   ____          _            __ _ _
 /\\ / ___'_ __ _ _(_)_ __  __ _ \ \ \ \
( ( )\___ | '_ | '_| | '_ \/ _` | \ \ \ \
 \\/  ___)| |_)| | | | | || (_| |  ) ) ) )
  '  |____| .__|_| |_|_| |_\__, | / / / /
 =========|_|==============|___/=/_/_/_/
[32m :: Spring Boot :: [39m              [2m (v2.5.5)[0;39m


24-11-2021 20:08:47.747 [anonymousUser] INFO  c.a.c.l.RequestResponseLoggingFilter.doFilter - [POST] request for URL: [/signup]
24-11-2021 20:11:14.637 [] INFO  o.s.b.SpringApplicationBannerPrinter.print - 
  .   ____          _            __ _ _
 /\\ / ___'_ __ _ _(_)_ __  __ _ \ \ \ \
( ( )\___ | '_ | '_| | '_ \/ _` | \ \ \ \
 \\/  ___)| |_)| | | | | || (_| |  ) ) ) )
  '  |____| .__|_| |_|_| |_\__, | / / / /
 =========|_|==============|___/=/_/_/_/
[32m :: Spring Boot :: [39m              [2m (v2.5.5)[0;39m


24-11-2021 20:11:27.870 [anonymousUser] INFO  c.a.c.l.RequestResponseLoggingFilter.doFilter - [POST] request for URL: [/signup]
24-11-2021 20:11:28.328 [anonymousUser] INFO  c.a.c.l.RequestResponseLoggingFilter.doFilter - Response ==> [application/json]
24-11-2021 20:25:14.503 [] INFO  o.s.b.SpringApplicationBannerPrinter.print - 
  .   ____          _            __ _ _
 /\\ / ___'_ __ _ _(_)_ __  __ _ \ \ \ \
( ( )\___ | '_ | '_| | '_ \/ _` | \ \ \ \
 \\/  ___)| |_)| | | | | || (_| |  ) ) ) )
  '  |____| .__|_| |_|_| |_\__, | / / / /
 =========|_|==============|___/=/_/_/_/
[32m :: Spring Boot :: [39m              [2m (v2.5.5)[0;39m


